{
  "stats": {
    "suites": 1,
    "tests": 1,
    "passes": 1,
    "pending": 0,
    "failures": 0,
    "start": "2025-06-02T16:41:00.582Z",
    "end": "2025-06-02T16:41:03.840Z",
    "duration": 3258,
    "testsRegistered": 1,
    "passPercent": 100,
    "pendingPercent": 0,
    "other": 0,
    "hasOther": false,
    "skipped": 0,
    "hasSkipped": false
  },
  "results": [
    {
      "uuid": "a88c0757-4490-4a8a-8c93-fc57295f9308",
      "title": "",
      "fullFile": "cypress\\e2e\\signIn.cy.js",
      "file": "cypress\\e2e\\signIn.cy.js",
      "beforeHooks": [],
      "afterHooks": [],
      "tests": [],
      "suites": [
        {
          "uuid": "cf7cfc54-a0e4-45a5-8f13-f76fda98ba81",
          "title": "Sign In tests with POM",
          "fullFile": "",
          "file": "",
          "beforeHooks": [],
          "afterHooks": [],
          "tests": [
            {
              "title": "Sign in using commands",
              "fullTitle": "Sign In tests with POM Sign in using commands",
              "timedOut": null,
              "duration": 3221,
              "state": "passed",
              "speed": "fast",
              "pass": true,
              "fail": false,
              "pending": false,
              "context": null,
              "code": "cy.login('michael.krasnovskyi+testUser1@gmail.com', 'ZSgeVQhuU3qkvlG');\ncy.get('h1').should('have.text', 'Garage');",
              "err": {},
              "uuid": "de678f2e-93b9-4312-a1e5-0710e137aca6",
              "parentUUID": "cf7cfc54-a0e4-45a5-8f13-f76fda98ba81",
              "isHook": false,
              "skipped": false
            }
          ],
          "suites": [],
          "passes": [
            "de678f2e-93b9-4312-a1e5-0710e137aca6"
          ],
          "failures": [],
          "pending": [],
          "skipped": [],
          "duration": 3221,
          "root": false,
          "rootEmpty": false,
          "_timeout": 2000
        }
      ],
      "passes": [],
      "failures": [],
      "pending": [],
      "skipped": [],
      "duration": 0,
      "root": true,
      "rootEmpty": true,
      "_timeout": 2000
    }
  ],
  "meta": {
    "mocha": {
      "version": "7.2.0"
    },
    "mochawesome": {
      "options": {
        "quiet": false,
        "reportFilename": "mochawesome",
        "saveHtml": true,
        "saveJson": true,
        "consoleReporter": "spec",
        "useInlineDiffs": false,
        "code": true
      },
      "version": "7.1.3"
    },
    "marge": {
      "options": null,
      "version": "6.2.0"
    }
  }
}